Loading rhel8/default-ccl
  Loading requirement: rhel8/global rhel8/slurm rhel8/cclake-env/2024-06-01
    rhel8/cclake/base glibc/2.28/gcc/4d2cj5pu gcc-runtime/13.3.0/gcc/2sn7kkm3
    zlib-ng/2.1.6/gcc/mkjcey6m zstd/1.5.6/gcc/l5c7mfsx
    binutils/2.42/gcc/y33xj6rq intel-oneapi-compilers/2023.2.4/gcc/4lbvg4hv
    intel-oneapi-mpi/2021.12.1/intel/hlruk24n rhel8/cclake/intel
/home/taj29/.conda/envs/measurement_layouts/lib/python3.11/site-packages/pymc/data.py:304: FutureWarning: MutableData is deprecated. All Data variables are now mutable. Use Data instead.
  warnings.warn(
/home/taj29/.conda/envs/measurement_layouts/lib/python3.11/site-packages/pymc/distributions/timeseries.py:297: UserWarning: Initial distribution not specified, defaulting to `Normal.dist(0, 100)`.You can specify an init_dist manually to suppress this warning.
  warnings.warn(
/home/taj29/.conda/envs/measurement_layouts/lib/python3.11/site-packages/pymc/distributions/timeseries.py:297: UserWarning: Initial distribution not specified, defaulting to `Normal.dist(0, 100)`.You can specify an init_dist manually to suppress this warning.
  warnings.warn(
/home/taj29/.conda/envs/measurement_layouts/lib/python3.11/site-packages/pymc/distributions/timeseries.py:297: UserWarning: Initial distribution not specified, defaulting to `Normal.dist(0, 100)`.You can specify an init_dist manually to suppress this warning.
  warnings.warn(
/home/taj29/.conda/envs/measurement_layouts/lib/python3.11/site-packages/pymc/data.py:304: FutureWarning: MutableData is deprecated. All Data variables are now mutable. Use Data instead.
  warnings.warn(
Auto-assigning NUTS sampler...
Initializing NUTS using jitter+adapt_diag...
Multiprocess sampling (2 chains in 2 jobs)
NUTS: [sigma_noise, sigma_nav, ability_navigation, sigma_vis, ability_visual, sigma_bias, ability_bias_rl]
{'reward_distance': array([11.20513823, 11.03854283, 10.9278313 , 14.08981701,  6.86612738,
       11.3568754 ,  8.56078168,  4.48273772,  6.12433798,  7.91678047,
        6.9933019 ,  6.69409148,  5.77602814, 11.03243094,  6.70262829,
        6.24539819, 10.68513952,  7.21371116,  9.51792298, 11.40429769,
        5.53061933,  8.89860087,  1.22572666, 13.0376626 , 13.34603106,
       14.5333699 ,  5.02031542, 13.90434043,  3.77357437,  6.84154694,
        3.38008483,  1.48235898,  4.88850287,  9.93010565, 10.84790357,
        9.80310152, 12.37249122,  6.77816689,  9.77107842,  3.60477371,
       11.22152166,  3.16533262, 14.04646256,  5.65751193, 13.07309502,
        1.37728121, 11.68966267, 12.61159089,  9.46427214,  7.24812668,
       14.62560492, 13.93901907,  7.68471137, 14.13108901,  3.21875666,
        5.00800927, 11.82074277,  9.57270838,  7.26097781, 11.57663852,
        6.56947175, 10.63414299, 14.96710383,  5.27479144,  8.315863  ,
        7.03461978,  7.92946144, 13.95449898,  3.56694615,  8.42624452,
        9.46863003,  6.04763624,  2.25993872, 11.42198832, 11.72188848,
        9.55077407, 14.91091626,  4.00284075,  7.04178298,  6.6364124 ,
       14.64693334,  7.63602172, 11.74234936, 11.92687366,  3.85890248,
        2.41483903, 14.58512195, 12.09827152, 12.54276756, 11.4195203 ,
        8.5288096 ,  6.98441516,  1.44161833,  4.85797948,  5.19068495,
        1.76105962,  2.42508739,  1.90244203,  3.04585127,  1.65333375,
       12.2790309 ,  9.66729687, 12.18460101,  3.94664493,  7.46603421,
        5.0594721 , 13.90045565,  2.73638159,  5.28636628,  7.83551642,
        2.04655757, 12.52968808, 12.09601438,  3.95882773,  2.86643141,
       10.23747322,  2.58649212,  3.82406269,  9.29388266,  6.69018888,
       13.24153145, 10.68679369,  6.27990173,  3.46661434,  9.03339065,
        4.15478296, 13.48616263,  7.7370635 ,  6.20437638,  4.92882334,
       12.65347366,  3.72902829,  5.62772071,  7.25722502,  9.56001151,
        6.20787994,  6.3135119 ,  3.1986663 , 10.91229436,  4.77011841,
       14.42329933,  3.41543484,  3.96606685,  0.95563493, 12.24758075,
        9.40871003,  9.93019245, 11.01589816, 12.18049849, 14.04454011,
       13.85334962,  6.44383482,  3.84618791, 13.210259  , 12.51344893,
        2.55647186,  2.00064328, 13.35725974, 14.29407654,  8.08941412,
        5.66284431, 13.23359592,  5.59327453,  6.66546856,  2.44175017,
        3.39398694, 12.23510327,  8.45292591, 14.25805472,  2.37221743,
       11.6245007 , 11.61297514, 14.39716963,  6.75608047,  1.80606123,
        3.48750614,  8.88526562,  4.6870985 , 14.76279941,  1.8363343 ,
       14.2610782 ,  1.56839001, 12.76297637, 14.69344556,  5.09132972,
       10.07931733,  6.30687168, 13.46024939,  8.70774135, 12.55508284,
        9.06798459,  8.84700283,  4.46852457,  4.70858901, 10.99643792,
        4.18296373, 10.69907568, 12.3776519 ,  1.76640399, 10.93934943]), 'reward_behind': array([0.5, 1. , 1. , 0.5, 0. , 0.5, 0. , 0.5, 0.5, 0. , 0.5, 0. , 0.5,
       1. , 0.5, 0. , 0. , 0.5, 0. , 0. , 1. , 0. , 0.5, 0. , 0.5, 0. ,
       0.5, 0.5, 1. , 0.5, 0. , 0. , 1. , 1. , 0.5, 0.5, 1. , 0. , 1. ,
       0.5, 0. , 1. , 0. , 0.5, 0.5, 0. , 0. , 0.5, 0. , 0. , 0. , 1. ,
       0. , 0.5, 0. , 0.5, 0. , 0.5, 0. , 1. , 1. , 1. , 0.5, 1. , 1. ,
       0. , 0. , 0.5, 1. , 0. , 0.5, 0. , 0. , 0. , 0. , 0.5, 0.5, 0. ,
       1. , 0.5, 0. , 1. , 0.5, 0. , 0. , 0. , 1. , 0.5, 0. , 0. , 1. ,
       0. , 0.5, 0.5, 0.5, 1. , 1. , 1. , 0. , 0.5, 0.5, 1. , 0. , 0.5,
       0. , 0. , 0. , 0.5, 1. , 0. , 1. , 1. , 0.5, 1. , 0. , 0. , 1. ,
       1. , 0.5, 1. , 1. , 0. , 1. , 0. , 0.5, 0. , 0.5, 1. , 0. , 0. ,
       0.5, 0. , 1. , 0.5, 1. , 1. , 0.5, 0. , 0.5, 0.5, 0.5, 1. , 1. ,
       1. , 0. , 1. , 0. , 0.5, 1. , 0.5, 0.5, 1. , 0.5, 1. , 0.5, 0.5,
       1. , 0. , 1. , 1. , 1. , 0. , 0. , 0.5, 1. , 0.5, 0.5, 1. , 0.5,
       0.5, 0. , 0. , 0.5, 1. , 1. , 1. , 1. , 0. , 1. , 0.5, 0. , 0.5,
       0.5, 0.5, 1. , 0. , 0. , 0.5, 0.5, 1. , 0. , 0. , 0. , 0.5, 0. ,
       0.5, 0. , 0.5, 1. , 0.5]), 'reward_size': array([5.69056173e-02, 1.15198545e+00, 1.68964590e+00, 2.29438630e-03,
       1.88494030e+00, 1.46428154e+00, 5.84014623e-01, 1.90026716e-01,
       4.23050072e-01, 1.46956553e+00, 3.79232670e-01, 1.33780579e-01,
       3.04747719e-01, 1.66890774e+00, 1.44263666e+00, 7.15139395e-01,
       9.42343561e-01, 1.61852203e+00, 3.39301939e-01, 1.67560336e+00,
       9.64507540e-01, 1.76855556e+00, 7.06645622e-01, 6.04643667e-01,
       6.38594306e-01, 7.15808407e-01, 1.28380938e+00, 3.15490867e-01,
       3.68643350e-01, 2.64238132e-01, 1.55426328e+00, 4.69385903e-01,
       1.07961343e+00, 1.46730461e+00, 1.76985956e+00, 7.59863236e-02,
       7.17072488e-01, 1.81323425e+00, 6.79106838e-01, 1.66135984e+00,
       6.98489729e-01, 2.74913165e-01, 3.95681179e-01, 2.98721991e-01,
       1.26030406e+00, 4.89372731e-02, 9.82560825e-01, 8.67706427e-01,
       1.03724343e+00, 1.09264784e+00, 6.78694106e-01, 1.31889992e+00,
       3.36310985e-01, 6.82091029e-01, 1.31811685e+00, 1.11262742e+00,
       1.21192592e+00, 1.34690536e+00, 8.49066231e-01, 1.73844446e+00,
       9.89662111e-01, 1.30065020e+00, 1.66934071e+00, 8.59455312e-02,
       1.18022157e+00, 1.19269604e+00, 1.32482116e+00, 1.66445101e+00,
       6.35500109e-01, 1.42162554e+00, 1.38595142e+00, 1.43899187e+00,
       1.07286642e+00, 1.16743232e+00, 1.83155388e+00, 1.38221341e+00,
       1.77136109e+00, 2.66729520e-01, 1.34084908e+00, 7.45618081e-01,
       6.05942920e-01, 1.33176332e+00, 1.26343293e+00, 2.24278973e-01,
       1.62281828e+00, 9.33281978e-01, 6.34634102e-01, 6.97387864e-01,
       1.43576468e-01, 1.53000133e+00, 1.75236716e+00, 8.26170609e-01,
       6.09056757e-02, 1.32149853e+00, 1.78298284e+00, 1.12647251e+00,
       1.34666374e+00, 9.88154692e-01, 1.10640749e+00, 8.67736889e-01,
       1.89624842e+00, 4.48085026e-01, 1.80222657e+00, 9.31797826e-01,
       2.45775946e-01, 1.22451030e+00, 5.47771051e-01, 1.67172771e+00,
       6.19623615e-01, 3.79106114e-01, 6.28141006e-01, 4.86616211e-01,
       5.90195515e-01, 1.74283383e-01, 1.58125384e+00, 1.23733237e+00,
       1.72913797e+00, 1.70223126e+00, 1.44409348e+00, 3.66407590e-01,
       1.83794182e+00, 8.15217618e-02, 9.96696428e-01, 1.68154152e+00,
       1.16861024e+00, 1.53409520e+00, 1.47004977e+00, 1.08954348e+00,
       8.04816510e-01, 8.38610872e-01, 1.72183970e+00, 1.82855064e+00,
       1.56513100e+00, 1.32229903e+00, 1.69816824e+00, 1.38426159e+00,
       2.05514497e-01, 3.44805009e-01, 4.19003769e-01, 1.20457515e+00,
       1.52048565e+00, 1.57093001e+00, 1.42696137e+00, 1.96799081e-01,
       8.27509927e-01, 9.23916964e-01, 1.77095131e+00, 2.57542023e-01,
       1.71843554e+00, 1.23411503e+00, 1.55068643e+00, 7.02094726e-01,
       1.47701793e+00, 1.68770358e+00, 1.04281361e+00, 1.52204227e+00,
       1.78128376e-02, 1.15695229e-01, 1.06364734e-01, 1.31395523e-03,
       1.87218370e+00, 1.79924739e-01, 1.46535824e+00, 8.84418999e-03,
       7.63207552e-01, 5.28421374e-01, 2.87337427e-01, 1.08164515e+00,
       1.09194203e-01, 1.42443275e+00, 1.72659354e+00, 4.92817030e-01,
       1.08985852e+00, 1.63702283e+00, 8.16993883e-01, 4.95731001e-01,
       8.37610249e-01, 4.31597525e-01, 5.55136994e-01, 6.28132971e-01,
       6.08619944e-01, 7.27252017e-01, 1.82047686e+00, 1.30807957e+00,
       1.41870742e+00, 4.79699077e-01, 1.02093740e-01, 1.33100438e+00,
       1.04564169e+00, 6.49997363e-01, 1.23977726e+00, 5.79588727e-01,
       9.75050961e-01, 1.00265798e+00, 1.01140862e+00, 1.48426640e+00,
       7.86182418e-01, 6.76189394e-01, 1.43026832e-01, 1.45652300e+00]), 'Xpos': array([ 1, -1,  0,  1, -1,  1,  0, -1,  1,  0,  0,  0, -1,  0, -1, -1, -1,
       -1,  1,  0,  1, -1,  1,  0,  1, -1, -1, -1,  1,  1,  0,  1,  0,  0,
       -1,  1,  0,  1, -1,  1,  0,  0, -1, -1,  0,  1, -1,  1,  0,  0,  1,
       -1, -1,  0,  0,  0, -1,  1,  1, -1,  1, -1, -1,  0,  0, -1,  0,  1,
        0,  1,  1, -1,  1,  1,  1, -1,  0,  0, -1,  0,  1,  0, -1, -1,  1,
        1,  1,  1,  0, -1,  0,  1, -1, -1,  0,  0,  1,  1,  0, -1,  0, -1,
       -1, -1, -1, -1, -1, -1,  1, -1,  1, -1,  0,  1,  0, -1, -1,  1,  1,
        1,  0,  1,  0, -1,  0,  0, -1,  1,  1,  1,  0,  0,  0, -1, -1, -1,
        1, -1, -1, -1,  0,  0,  1,  0,  0,  0, -1,  0, -1,  0, -1, -1,  0,
        1,  1,  0,  1,  1, -1, -1,  0,  0,  0, -1, -1,  1, -1, -1,  1,  0,
        1,  1,  1, -1,  1,  0,  1, -1, -1,  0, -1,  1,  1,  1,  0,  1,  1,
        0,  1, -1,  0,  1,  1,  0,  1,  1,  1, -1,  0,  1])}
Sampling 2 chains, 0 divergences ━━━━━━━━━━━━━━━━━━━━━━━━ 100% 0:00:00 / 0:28:40
Sampling 2 chains for 1_000 tune and 500 draw iterations (2_000 + 1_000 draws total) took 1721 seconds.
Chain 0 reached the maximum tree depth. Increase `max_treedepth`, increase `target_accept` or reparameterize.
Chain 1 reached the maximum tree depth. Increase `max_treedepth`, increase `target_accept` or reparameterize.
We recommend running at least 4 chains for robust computation of convergence diagnostics
The rhat statistic is larger than 1.01 for some parameters. This indicates problems during sampling. See https://arxiv.org/abs/1903.08008 for details
The effective sample size per chain is smaller than 100 for some parameters.  A higher number is needed for reliable rhat and ess computation. See https://arxiv.org/abs/1903.08008 for details
No artists with labels found to put in legend.  Note that artists whose label start with an underscore are ignored when legend() is called with no argument.
Changed directory to /rds/user/taj29/hpc-work/Measurement-Layouts.

JobID: 2700043
======
Time: Mon Dec 30 04:57:45 GMT 2024
Running on master node: cpu-p-589
Current directory: /rds/user/taj29/hpc-work/Measurement-Layouts

Nodes allocated:
================
cpu-p-589

numtasks=20, numnodes=1, mpi_tasks_per_node=20 (OMP_NUM_THREADS=1)

Executing command:
==================


